Mar 10 00:00:55 server1 sshd[4422]: Received disconnect from 10.0.2.2 port 60950:11: disconnected by user
Mar 10 00:00:55 server1 sshd[4422]: Disconnected from user ajay 10.0.2.2 port 60950
Mar 10 00:00:55 server1 sshd[4366]: pam_unix(sshd:session): session closed for user ajay
Mar 10 00:00:55 server1 systemd-logind[710]: Session 13 logged out. Waiting for processes to exit.
Mar 10 00:00:55 server1 systemd-logind[710]: Removed session 13.
Mar 10 00:00:55 server1 sshd[3878]: Received disconnect from 10.0.2.2 port 61128:11: disconnected by user
Mar 10 00:00:55 server1 sshd[3878]: Disconnected from user ajay 10.0.2.2 port 61128
Mar 10 00:00:55 server1 sshd[3822]: pam_unix(sshd:session): session closed for user ajay
Mar 10 00:00:55 server1 systemd-logind[710]: Session 5 logged out. Waiting for processes to exit.
Mar 10 00:00:55 server1 sshd[4043]: Received disconnect from 10.0.2.2 port 62494:11: disconnected by user
Mar 10 00:00:55 server1 sshd[4043]: Disconnected from user ajay 10.0.2.2 port 62494
Mar 10 00:00:55 server1 sshd[3987]: pam_unix(sshd:session): session closed for user ajay
Mar 10 00:00:55 server1 systemd-logind[710]: Removed session 5.
Mar 10 00:00:55 server1 systemd-logind[710]: Session 7 logged out. Waiting for processes to exit.
Mar 10 00:00:55 server1 systemd-logind[710]: Removed session 7.
Mar 10 00:01:00 server1 systemd-logind[710]: Power key pressed.
Mar 10 00:01:00 server1 systemd-logind[710]: Powering Off...
Mar 10 00:01:00 server1 systemd-logind[710]: System is powering down.
Mar 10 00:23:02 server1 systemd-logind[714]: New seat seat0.
Mar 10 00:23:02 server1 sshd[764]: Server listening on 0.0.0.0 port 22.
Mar 10 00:23:02 server1 sshd[764]: Server listening on :: port 22.
Mar 10 00:23:02 server1 systemd-logind[714]: Watching system buttons on /dev/input/event0 (Power Button)
Mar 10 00:23:02 server1 systemd-logind[714]: Watching system buttons on /dev/input/event1 (Sleep Button)
Mar 10 00:23:02 server1 systemd-logind[714]: Watching system buttons on /dev/input/event2 (AT Translated Set 2 keyboard)
Mar 10 01:17:01 server1 CRON[1035]: pam_unix(cron:session): session opened for user root(uid=0) by (uid=0)
Mar 10 01:17:01 server1 CRON[1035]: pam_unix(cron:session): session closed for user root
Mar 10 02:17:01 server1 CRON[1101]: pam_unix(cron:session): session opened for user root(uid=0) by (uid=0)
Mar 10 02:17:01 server1 CRON[1101]: pam_unix(cron:session): session closed for user root
Mar 10 02:27:09 server1 login[763]: pam_unix(login:session): session opened for user ajay(uid=1000) by LOGIN(uid=0)
Mar 10 02:27:09 server1 systemd-logind[714]: New session 3 of user ajay.
Mar 10 02:27:09 server1 systemd: pam_unix(systemd-user:session): session opened for user ajay(uid=1000) by (uid=0)
Mar 10 02:27:31 server1 sshd[1220]: Accepted password for ajay from 10.1.10.243 port 58204 ssh2
Mar 10 02:27:31 server1 sshd[1220]: pam_unix(sshd:session): session opened for user ajay(uid=1000) by (uid=0)
Mar 10 02:27:31 server1 systemd-logind[714]: New session 5 of user ajay.
Mar 18 02:25:31 server1 sshd[801]: Accepted password for robert from 10.0.0.10 port 52020 ssh2
Mar 18 02:25:31 server1 sshd[801]: pam_unix(sshd:session): session opened for user robert(uid=1001) by (uid=0)
Mar 18 02:26:45 server1 sshd[804]: Failed password for tara from 10.0.0.11 port 52022 ssh2
Mar 18 02:27:00 server1 sshd[807]: Accepted password for tara from 10.0.0.11 port 52025 ssh2
Mar 18 02:27:00 server1 sshd[807]: pam_unix(sshd:session): session opened for user tara(uid=1002) by (uid=0)
Mar 18 02:28:10 server1 sudo:     robert : TTY=pts/1 ; PWD=/home/robert ; USER=root ; COMMAND=/usr/bin/apt update
Mar 18 02:28:10 server1 sudo: pam_unix(sudo:session): session opened for user root(uid=0) by robert(uid=1001)
Mar 18 02:28:35 server1 sudo: pam_unix(sudo:session): session closed for user root
Mar 18 02:29:50 server1 sshd[810]: Received disconnect from 10.0.0.10 port 52020:11: disconnected by user
Mar 18 02:29:50 server1 sshd[810]: Disconnected from user robert 10.0.0.10 port 52020
Mar 18 02:29:50 server1 sshd[801]: pam_unix(sshd:session): session closed for user robert
Mar 18 02:30:22 server1 sshd[813]: Accepted password for eric from 10.0.0.12 port 52030 ssh2
Mar 18 02:30:22 server1 sshd[813]: pam_unix(sshd:session): session opened for user eric(uid=1003) by (uid=0)
Mar 18 02:31:05 server1 sudo:     tara : TTY=pts/2 ; PWD=/home/tara ; USER=root ; COMMAND=/bin/systemctl shutdown apache2
Mar 18 02:31:05 server1 sudo: pam_unix(sudo:session): session opened for user root(uid=0) by tara(uid=1002)
Mar 18 02:31:20 server1 sudo: pam_unix(sudo:session): session closed for user root
Mar 18 02:32:45 server1 sshd[816]: Accepted password for michelle from 10.0.0.13 port 52040 ssh2
Mar 18 02:32:45 server1 sshd[816]: pam_unix(sshd:session): session opened for user michelle(uid=1004) by (uid=0)
Mar 18 02:33:57 server1 sudo:     eric : TTY=pts/3 ; PWD=/home/eric ; USER=root ; COMMAND=/usr/bin/apt-get install nginx -y
Mar 18 02:33:57 server1 sudo: pam_unix(sudo:session): session opened for user root(uid=0) by eric(uid=1003)
Mar 18 02:34:15 server1 sudo: pam_unix(sudo:session): session closed for user root
Mar 18 02:35:10 server1 sshd[819]: Received disconnect from 10.0.0.11 port 52025:11: disconnected by user
Mar 18 02:35:10 server1 sshd[819]: Disconnected from user tara 10.0.0.11 port 52025
Mar 18 02:35:10 server1 sshd[807]: pam_unix(sshd:session): session closed for user tara
Mar 18 02:36:00 server1 sshd[822]: Accepted password for ray from 10.0.0.14 port 52050 ssh2
Mar 18 02:36:00 server1 sshd[822]: pam_unix(sshd:session): session opened for user ray(uid=1005) by (uid=0)
Mar 18 02:37:11 server1 sudo:     michelle

Mar 10 02:50:50 server1 sshd[1290]: Accepted password for ajay from 10.1.10.243 port 59171 ssh2
Mar 10 02:50:50 server1 sshd[1290]: pam_unix(sshd:session): session opened for user ajay(uid=1000) by (uid=0)
Mar 10 02:50:50 server1 systemd-logind[714]: New session 6 of user ajay.
Mar 10 02:50:51 server1 sshd[1345]: Received disconnect from 10.1.10.243 port 59171:11: disconnected by user
Mar 10 02:50:51 server1 sshd[1345]: Disconnected from user ajay 10.1.10.243 port 59171
Mar 10 02:50:51 server1 sshd[1290]: pam_unix(sshd:session): session closed for user ajay
Mar 10 02:50:51 server1 systemd-logind[714]: Session 6 logged out. Waiting for processes to exit.
Mar 10 02:50:51 server1 systemd-logind[714]: Removed session 6.
Mar 10 03:10:01 server1 CRON[1438]: pam_unix(cron:session): session opened for user root(uid=0) by (uid=0)
Mar 10 03:10:01 server1 CRON[1438]: pam_unix(cron:session): session closed for user root
Mar 10 03:12:14 server1 sshd[1266]: Received disconnect from 10.1.10.243 port 58204:11: disconnected by user
Mar 10 03:12:14 server1 sshd[1266]: Disconnected from user ajay 10.1.10.243 port 58204
Mar 10 03:12:14 server1 sshd[1220]: pam_unix(sshd:session): session closed for user ajay
Mar 10 03:12:14 server1 systemd-logind[714]: Session 5 logged out. Waiting for processes to exit.
Mar 10 03:12:14 server1 systemd-logind[714]: Removed session 5.
Mar 10 03:12:17 server1 systemd-logind[714]: Power key pressed.
Mar 10 03:12:17 server1 systemd-logind[714]: Powering Off...
Mar 10 03:12:17 server1 systemd-logind[714]: System is powering down.
Mar 10 17:09:45 server1 systemd-logind[713]: New seat seat0.
Mar 10 17:09:45 server1 systemd-logind[713]: Watching system buttons on /dev/input/event0 (Power Button)
Mar 10 17:09:45 server1 systemd-logind[713]: Watching system buttons on /dev/input/event1 (Sleep Button)
Mar 10 17:09:45 server1 systemd-logind[713]: Watching system buttons on /dev/input/event2 (AT Translated Set 2 keyboard)
Mar 10 17:09:45 server1 sshd[767]: Server listening on 0.0.0.0 port 22.
Mar 10 17:09:45 server1 sshd[767]: Server listening on :: port 22.
Mar 10 17:09:54 server1 login[752]: pam_unix(login:session): session opened for user ajay(uid=1000) by LOGIN(uid=0)
Mar 10 17:09:54 server1 systemd-logind[713]: New session 1 of user ajay.
Mar 10 17:09:54 server1 systemd: pam_unix(systemd-user:session): session opened for user ajay(uid=1000) by (uid=0)
Mar 10 17:10:26 server1 sshd[1130]: Accepted password for ajay from 10.0.0.244 port 52360 ssh2
Mar 10 17:10:26 server1 sshd[1130]: pam_unix(sshd:session): session opened for user ajay(uid=1000) by (uid=0)
Mar 10 17:10:26 server1 systemd-logind[713]: New session 3 of user ajay.
Mar 10 17:10:41 server1 sudo:     ajay : TTY=pts/0 ; PWD=/home/ajay ; USER=root ; COMMAND=/usr/bin/apt install nmap -y
Mar 10 17:10:41 server1 sudo: pam_unix(sudo:session): session opened for user root(uid=0) by ajay(uid=1000)
Mar 10 17:10:51 server1 sudo: pam_unix(sudo:session): session closed for user root
Mar 10 17:13:57 server1 sudo:     ajay : TTY=pts/0 ; PWD=/var/www/html ; USER=root ; COMMAND=/usr/bin/vim index.html
Mar 10 17:13:57 server1 sudo: pam_unix(sudo:session): session opened for user root(uid=0) by ajay(uid=1000)
Mar 10 17:14:40 server1 sudo: pam_unix(sudo:session): session closed for user root
Mar 10 17:16:03 server1 sudo:     ajay : TTY=pts/0 ; PWD=/ ; USER=root ; COMMAND=/usr/bin/apt remove nmap -y
Mar 10 17:16:03 server1 sudo: pam_unix(sudo:session): session opened for user root(uid=0) by ajay(uid=1000)
Mar 10 17:16:06 server1 sudo: pam_unix(sudo:session): session closed for user root
Mar 10 17:17:01 server1 CRON[24823]: pam_unix(cron:session): session opened for user root(uid=0) by (uid=0)
Mar 10 17:17:01 server1 CRON[24823]: pam_unix(cron:session): session closed for user root
Mar 10 17:18:07 server1 sudo:     ajay : TTY=pts/0 ; PWD=/ ; USER=root ; COMMAND=/usr/bin/apt install nmap -y
Mar 10 17:18:07 server1 sudo: pam_unix(sudo:session): session opened for user root(uid=0) by ajay(uid=1000)
Mar 10 17:18:10 server1 sudo: pam_unix(sudo:session): session closed for user root
Mar 10 17:20:28 server1 sshd[1176]: Received disconnect from 10.0.0.244 port 52360:11: disconnected by user
Mar 10 17:20:28 server1 sshd[1176]: Disconnected from user ajay 10.0.0.244 port 52360
Mar 10 17:20:28 server1 sshd[1130]: pam_unix(sshd:session): session closed for user ajay
Mar 10 17:20:28 server1 systemd-logind[713]: Session 3 logged out. Waiting for processes to exit.
Mar 10 17:20:28 server1 systemd-logind[713]: Removed session 3.
Mar 10 17:21:31 server1 sshd[24990]: Connection reset by authenticating user ajay 10.0.0.244 port 52701 [preauth]
Mar 10 17:21:52 server1 sshd[24992]: Accepted password for ajay from 10.0.0.244 port 52709 ssh2
Mar 10 17:21:52 server1 sshd[24992]: pam_unix(sshd:session): session opened for user ajay(uid=1000) by (uid=0)
Mar 10 17:21:52 server1 systemd-logind[713]: New session 5 of user ajay.
Mar 10 17:36:34 server1 sudo:     ajay : TTY=pts/0 ; PWD=/home/ajay ; USER=root ; COMMAND=/usr/bin/tcpdump
Mar 10 17:36:34 server1 sudo: pam_unix(sudo:session): session opened for user root(uid=0) by ajay(uid=1000)
Mar 10 17:37:32 server1 sudo: pam_unix(sudo:session): session closed for user root
Mar 10 17:44:29 server1 sudo:     ajay : TTY=pts/0 ; PWD=/home/ajay ; USER=root ; COMMAND=/usr/bin/apt install hping3 -u
Mar 10 17:44:29 server1 sudo: pam_unix(sudo:session): session opened for user root(uid=0) by ajay(uid=1000)
Mar 10 17:44:33 server1 sudo: pam_unix(sudo:session): session closed for user root
Mar 10 17:45:21 server1 sudo:     ajay : TTY=pts/0 ; PWD=/home/ajay ; USER=root ; COMMAND=/usr/sbin/hping3 --flood 10.0.0.245
Mar 10 17:45:21 server1 sudo: pam_unix(sudo:session): session opened for user root(uid=0) by ajay(uid=1000)
Mar 10 17:45:30 server1 sudo: pam_unix(sudo:session): session closed for user root
Mar 10 17:45:58 server1 sudo:     ajay : TTY=pts/0 ; PWD=/home/ajay ; USER=root ; COMMAND=/usr/sbin/hping3 --flood 10.0.0.245
Mar 10 17:45:58 server1 sudo: pam_unix(sudo:session): session opened for user root(uid=0) by ajay(uid=1000)
Mar 10 17:46:19 server1 sudo: pam_unix(sudo:session): session closed for user root
Mar 10 17:46:37 server1 sudo:     ajay : TTY=pts/0 ; PWD=/home/ajay ; USER=root ; COMMAND=/usr/sbin/hping3 --flood 10.0.0.245
Mar 10 17:46:37 server1 sudo: pam_unix(sudo:session): session opened for user root(uid=0) by ajay(uid=1000)
Mar 10 17:47:06 server1 sudo: pam_unix(sudo:session): session closed for user root
Mar 10 17:53:39 server1 systemd-logind[713]: Power key pressed.
Mar 10 17:53:39 server1 systemd-logind[713]: Powering Off...
Mar 10 17:53:39 server1 systemd-logind[713]: System is powering down.
Mar 10 17:53:39 server1 sshd[24992]: pam_unix(sshd:session): session closed for user ajay
Mar 10 18:20:25 server1 sshd[744]: Server listening on 0.0.0.0 port 22.
Mar 10 18:20:25 server1 sshd[744]: Server listening on :: port 22.
Mar 10 18:20:26 server1 systemd-logind[710]: New seat seat0.
Mar 10 18:20:26 server1 systemd-logind[710]: Watching system buttons on /dev/input/event0 (Power Button)
Mar 10 18:20:26 server1 systemd-logind[710]: Watching system buttons on /dev/input/event1 (Sleep Button)
Mar 10 18:20:26 server1 systemd-logind[710]: Watching system buttons on /dev/input/event2 (AT Translated Set 2 keyboard)
Mar 10 18:20:34 server1 login[730]: pam_unix(login:session): session opened for user ajay(uid=1000) by LOGIN(uid=0)
Mar 10 18:20:34 server1 systemd-logind[710]: New session 1 of user ajay.
Mar 10 18:20:34 server1 systemd: pam_unix(systemd-user:session): session opened for user ajay(uid=1000) by (uid=0)
Mar 10 18:20:48 server1 sshd[1122]: Accepted password for ajay from 10.0.0.244 port 56620 ssh2
Mar 10 18:20:48 server1 sshd[1122]: pam_unix(sshd:session): session opened for user ajay(uid=1000) by (uid=0)
Mar 10 18:20:48 server1 systemd-logind[710]: New session 3 of user ajay.
Mar 10 18:21:57 server1 sudo:     ajay : TTY=pts/0 ; PWD=/usr/share/nmap/scripts ; USER=root ; COMMAND=/usr/bin/git clone https://github.com/scipag/vulscan scipag_vulscan
Mar 10 18:21:57 server1 sudo: pam_unix(sudo:session): session opened for user root(uid=0) by ajay(uid=1000)
Mar 10 18:22:00 server1 sudo: pam_unix(sudo:session): session closed for user root
Mar 10 18:22:26 server1 sudo:     ajay : TTY=pts/0 ; PWD=/usr/share/nmap/scripts ; USER=root ; COMMAND=/usr/bin/ln -s /usr/share/nmap/scripts/scipag_vulscan /usr/share/nmap/scripts/vulscan
Mar 10 18:22:26 server1 sudo: pam_unix(sudo:session): session opened for user root(uid=0) by ajay(uid=1000)
Mar 10 18:22:26 server1 sudo: pam_unix(sudo:session): session closed for user root
Mar 10 18:24:33 server1 sshd[1221]: error: kex_exchange_identification: Connection closed by remote host
Mar 10 18:24:33 server1 sshd[1221]: Connection closed by 10.0.0.89 port 52044
Mar 10 18:42:50 server1 sshd[1168]: Received disconnect from 10.0.0.244 port 56620:11: disconnected by user
Mar 10 18:42:50 server1 sshd[1168]: Disconnected from user ajay 10.0.0.244 port 56620
Mar 10 18:42:50 server1 sshd[1122]: pam_unix(sshd:session): session closed for user ajay
Mar 10 18:42:50 server1 systemd-logind[710]: Session 3 logged out. Waiting for processes to exit.
Mar 10 18:42:50 server1 systemd-logind[710]: Removed session 3.
Mar 10 18:42:59 server1 systemd-logind[710]: Power key pressed.
Mar 10 18:42:59 server1 systemd-logind[710]: Powering Off...
Mar 10 18:42:59 server1 systemd-logind[710]: System is powering down.
Mar 11 11:17:14 server1 sshd[725]: Server listening on 0.0.0.0 port 22.
Mar 11 11:17:14 server1 sshd[725]: Server listening on :: port 22.
Mar 11 11:17:14 server1 systemd-logind[711]: New seat seat0.
Mar 11 11:17:14 server1 systemd-logind[711]: Watching system buttons on /dev/input/event0 (Power Button)
Mar 11 11:17:14 server1 systemd-logind[711]: Watching system buttons on /dev/input/event1 (Sleep Button)
Mar 11 11:17:14 server1 systemd-logind[711]: Watching system buttons on /dev/input/event2 (AT Translated Set 2 keyboard)
Mar 11 11:33:32 server1 login[766]: pam_unix(login:session): session opened for user ajay(uid=1000) by LOGIN(uid=0)
Mar 11 11:33:32 server1 systemd-logind[711]: New session 1 of user ajay.
Mar 11 11:33:32 server1 systemd: pam_unix(systemd-user:session): session opened for user ajay(uid=1000) by (uid=0)
Mar 11 11:33:56 server1 sshd[1310]: Accepted password for ajay from 10.0.0.244 port 59915 ssh2
Mar 11 11:33:56 server1 sshd[1310]: pam_unix(sshd:session): session opened for user ajay(uid=1000) by (uid=0)
Mar 11 11:33:56 server1 systemd-logind[711]: New session 3 of user ajay.
Mar 12 21:46:25 server1 systemd-logind[711]: Power key pressed.
Mar 12 21:46:25 server1 systemd-logind[711]: Powering Off...
Mar 12 21:46:25 server1 systemd-logind[711]: System is powering down.
Mar 12 21:46:25 server1 sshd[1310]: pam_unix(sshd:session): session closed for user ajay
Mar 12 21:48:13 server1 systemd-logind[709]: New seat seat0.
Mar 12 21:48:13 server1 systemd-logind[709]: Watching system buttons on /dev/input/event0 (Power Button)
Mar 12 21:48:13 server1 systemd-logind[709]: Watching system buttons on /dev/input/event1 (Sleep Button)
Mar 12 21:48:13 server1 systemd-logind[709]: Watching system buttons on /dev/input/event2 (AT Translated Set 2 keyboard)
Mar 12 21:48:13 server1 sshd[753]: Server listening on 0.0.0.0 port 22.
Mar 12 21:48:13 server1 sshd[753]: Server listening on :: port 22.
Mar 12 21:49:35 server1 login[734]: pam_unix(login:session): session opened for user ajay(uid=1000) by LOGIN(uid=0)
Mar 12 21:49:35 server1 systemd-logind[709]: New session 1 of user ajay.
Mar 12 21:49:35 server1 systemd: pam_unix(systemd-user:session): session opened for user ajay(uid=1000) by (uid=0)
Mar 12 21:50:24 server1 sshd[1134]: Accepted password for ajay from 10.0.0.244 port 54868 ssh2
Mar 12 21:50:24 server1 sshd[1134]: pam_unix(sshd:session): session opened for user ajay(uid=1000) by (uid=0)
Mar 12 21:50:24 server1 systemd-logind[709]: New session 3 of user ajay.
Mar 12 21:50:30 server1 sudo:     ajay : TTY=pts/0 ; PWD=/home/ajay ; USER=root ; COMMAND=/usr/bin/apt-get install virtualbox-guest-additions-iso -y
Mar 12 21:50:30 server1 sudo: pam_unix(sudo:session): session opened for user root(uid=0) by ajay(uid=1000)
Mar 12 21:52:15 server1 groupadd[6339]: group added to /etc/group: name=vboxusers, GID=123
Mar 12 21:52:15 server1 groupadd[6339]: group added to /etc/gshadow: name=vboxusers
Mar 12 21:52:15 server1 groupadd[6339]: new group: name=vboxusers, GID=123
Mar 12 21:52:23 server1 sudo: pam_unix(sudo:session): session closed for user root
Mar 12 21:52:31 server1 systemd-logind[709]: Power key pressed.
Mar 12 21:52:31 server1 systemd-logind[709]: Powering Off...
Mar 12 21:52:31 server1 systemd-logind[709]: System is powering down.
Mar 12 21:52:31 server1 sshd[1134]: pam_unix(sshd:session): session closed for user ajay
Mar 15 13:52:56 server1 sshd[786]: Server listening on 0.0.0.0 port 22.
Mar 15 13:52:56 server1 sshd[786]: Server listening on :: port 22.
Mar 15 13:52:57 server1 systemd-logind[737]: New seat seat0.
Mar 15 13:52:57 server1 systemd-logind[737]: Watching system buttons on /dev/input/event0 (Power Button)
Mar 15 13:52:57 server1 systemd-logind[737]: Watching system buttons on /dev/input/event1 (Sleep Button)
Mar 15 13:52:57 server1 systemd-logind[737]: Watching system buttons on /dev/input/event2 (AT Translated Set 2 keyboard)
Mar 15 14:17:01 server1 CRON[1152]: pam_unix(cron:session): session opened for user root(uid=0) by (uid=0)
Mar 15 14:17:01 server1 CRON[1152]: pam_unix(cron:session): session closed for user root
Mar 15 15:17:01 server1 CRON[1247]: pam_unix(cron:session): session opened for user root(uid=0) by (uid=0)
Mar 15 15:17:01 server1 CRON[1247]: pam_unix(cron:session): session closed for user root
Mar 15 16:17:01 server1 CRON[1266]: pam_unix(cron:session): session opened for user root(uid=0) by (uid=0)
Mar 15 16:17:01 server1 CRON[1266]: pam_unix(cron:session): session closed for user root
Mar 15 17:17:01 server1 CRON[1282]: pam_unix(cron:session): session opened for user root(uid=0) by (uid=0)
Mar 15 17:17:01 server1 CRON[1282]: pam_unix(cron:session): session closed for user root
Mar 15 18:17:01 server1 CRON[1298]: pam_unix(cron:session): session opened for user root(uid=0) by (uid=0)
Mar 15 18:17:01 server1 CRON[1298]: pam_unix(cron:session): session closed for user root
Mar 15 18:24:35 server1 systemd-logind[737]: Power key pressed.
Mar 15 18:24:36 server1 systemd-logind[737]: Powering Off...
Mar 15 18:24:36 server1 systemd-logind[737]: System is powering down.
Mar 18 02:23:29 server1 sshd[784]: Server listening on 0.0.0.0 port 22.
Mar 18 02:23:29 server1 sshd[784]: Server listening on :: port 22.
Mar 18 02:23:29 server1 systemd-logind[734]: New seat seat0.
Mar 18 02:23:29 server1 systemd-logind[734]: Watching system buttons on /dev/input/event0 (Power Button)
Mar 18 02:23:29 server1 systemd-logind[734]: Watching system buttons on /dev/input/event1 (Sleep Button)
Mar 18 02:23:29 server1 systemd-logind[734]: Watching system buttons on /dev/input/event2 (AT Translated Set 2 keyboard)
